<?xml version="1.0" encoding="UTF-8"?>
<!-- Generated by org.testng.reporters.JUnitReportReporter -->
<testsuite skipped="0" hostname="Deepaks-MacBook-Pro.local" name="com.restAssured.com.restAssured.Deepak.restTest" tests="1" failures="0" timestamp="13 Sep 2017 19:56:10 GMT" time="1.873" errors="0">
  <testcase name="restAssuredTest" time="1.873" classname="com.restAssured.com.restAssured.Deepak.restTest"/>
</testsuite> <!-- com.restAssured.com.restAssured.Deepak.restTest -->
