<?xml version="1.0" encoding="UTF-8"?>
<!-- Generated by org.testng.reporters.JUnitReportReporter -->
<testsuite skipped="0" hostname="Deepaks-MacBook-Pro.local" name="com.restAssured.com.restAssured.Deepak.restTest" tests="1" failures="0" timestamp="26 Aug 2017 19:40:07 GMT" time="2.992" errors="0">
  <testcase name="restAssuredTest" time="2.992" classname="com.restAssured.com.restAssured.Deepak.restTest"/>
</testsuite> <!-- com.restAssured.com.restAssured.Deepak.restTest -->
