<?xml version="1.0" encoding="UTF-8"?>
<!-- Generated by org.testng.reporters.JUnitReportReporter -->
<testsuite skipped="0" hostname="Deepaks-MacBook-Pro.local" name="com.restAssured.com.restAssured.Deepak.restTest" tests="1" failures="0" timestamp="26 Aug 2017 16:35:42 GMT" time="1.265" errors="0">
  <testcase name="f" time="1.265" classname="com.restAssured.com.restAssured.Deepak.restTest"/>
</testsuite> <!-- com.restAssured.com.restAssured.Deepak.restTest -->
