<?xml version="1.0" encoding="UTF-8"?>
<!-- Generated by org.testng.reporters.JUnitReportReporter -->
<testsuite skipped="0" hostname="Deepaks-MacBook-Pro.local" name="com.restAssured.com.restAssured.Deepak.restTest" tests="1" failures="0" timestamp="27 Aug 2017 19:09:41 GMT" time="1.445" errors="0">
  <testcase name="restAssuredTest" time="1.445" classname="com.restAssured.com.restAssured.Deepak.restTest"/>
</testsuite> <!-- com.restAssured.com.restAssured.Deepak.restTest -->
